2001.08.12 22:41 B C:\email prject\adv_mail.php <-- group1 / adv_mail.php
2001.08.12 22:41 B C:\email prject\animate.js <-- group1 / animate.js
2001.08.12 22:41 B C:\email prject\blink.gif <-- group1 / blink.gif
2001.08.12 22:41 B C:\email prject\bricks.jpg <-- group1 / bricks.jpg
2001.08.12 22:41 B C:\email prject\check.gif <-- group1 / check.gif
2001.08.12 22:41 B C:\email prject\check2.gif <-- group1 / check2.gif
2001.08.12 22:41 B C:\email prject\common_mail.php <-- group1 / common_mail.php
2001.08.12 22:41 B C:\email prject\EMAIL.c3d <-- group1 / EMAIL.c3d
2001.08.12 22:41 B C:\email prject\email.gif <-- group1 / email.gif
2001.08.12 22:41 B C:\email prject\EmailDocumentation.htm <-- group1 / EmailDocumentation.htm
2001.08.12 22:41 B C:\email prject\emailleft2.htm <-- group1 / emailleft2.htm
2001.08.12 22:41 B C:\email prject\emailmain.htm <-- group1 / emailmain.htm
2001.08.12 22:41 B C:\email prject\emailtop.htm <-- group1 / emailtop.htm
2001.08.12 22:41 B C:\email prject\HOME.gif <-- group1 / HOME.gif
2001.08.12 22:41 B C:\email prject\inbox.c3d <-- group1 / inbox.c3d
2001.08.12 22:41 B C:\email prject\inbox.php <-- group1 / inbox.php
2001.08.12 22:41 B C:\email prject\inbox2.c3d <-- group1 / inbox2.c3d
2001.08.12 22:41 B C:\email prject\index.php <-- group1 / index.php
2001.08.12 22:42 B C:\email prject\jjm.c3d <-- group1 / jjm.c3d
2001.08.12 22:42 B C:\email prject\JJM.gif <-- group1 / JJM.gif
2001.08.12 22:42 B C:\email prject\JJM2.gif <-- group1 / JJM2.gif
2001.08.12 22:42 B C:\email prject\login.php <-- group1 / login.php
2001.08.12 22:42 B C:\email prject\logout.php <-- group1 / logout.php
2001.08.12 22:42 B C:\email prject\logout1.gif <-- group1 / logout1.gif
2001.08.12 22:42 B C:\email prject\logout2.gif <-- group1 / logout2.gif
2001.08.12 22:42 B C:\email prject\mail.php <-- group1 / mail.php
2001.08.12 22:42 B C:\email prject\newmessage1.gif <-- group1 / newmessage1.gif
2001.08.12 22:42 B C:\email prject\newmessage2.gif <-- group1 / newmessage2.gif
2001.08.12 22:42 B C:\email prject\onlineemail.htm <-- group1 / onlineemail.htm
2001.08.12 22:42 B C:\email prject\simple_mailer.php <-- group1 / simple_mailer.php
